<?xml version="1.0" encoding="UTF-8"?>
<testng-results ignored="0" total="1" passed="1" failed="0" skipped="0">
  <reporter-output>
  </reporter-output>
  <suite started-at="2025-11-11T00:07:47 IST" name="Docker Selenium Grid Suite" finished-at="2025-11-11T00:08:23 IST" duration-ms="35899">
    <groups>
    </groups>
    <test started-at="2025-11-11T00:07:47 IST" name="Google Chrome Tests" finished-at="2025-11-11T00:08:23 IST" duration-ms="35899">
      <class name="tests.GoogleTest">
        <test-method is-config="true" signature="setUp()[pri:0, instance:tests.GoogleTest@5b12b668]" started-at="2025-11-11T00:07:47 IST" name="setUp" finished-at="2025-11-11T00:08:07 IST" duration-ms="19827" status="PASS">
          <reporter-output>
          </reporter-output>
        </test-method> <!-- setUp -->
        <test-method signature="openGoogle()[pri:0, instance:tests.GoogleTest@5b12b668]" started-at="2025-11-11T00:08:08 IST" name="openGoogle" finished-at="2025-11-11T00:08:20 IST" duration-ms="12933" status="PASS">
          <reporter-output>
          </reporter-output>
        </test-method> <!-- openGoogle -->
        <test-method is-config="true" signature="tearDown()[pri:0, instance:tests.GoogleTest@5b12b668]" started-at="2025-11-11T00:08:21 IST" name="tearDown" finished-at="2025-11-11T00:08:23 IST" duration-ms="2594" status="PASS">
          <reporter-output>
          </reporter-output>
        </test-method> <!-- tearDown -->
      </class> <!-- tests.GoogleTest -->
    </test> <!-- Google Chrome Tests -->
  </suite> <!-- Docker Selenium Grid Suite -->
</testng-results>
