<?xml version="1.0" encoding="UTF-8"?>
<testng-results ignored="0" total="1" passed="1" failed="0" skipped="0">
  <reporter-output>
  </reporter-output>
  <suite started-at="2025-11-29T23:41:42 MST" name="SeleniumGridSuite" finished-at="2025-11-29T23:42:14 MST" duration-ms="31827">
    <groups>
    </groups>
    <test started-at="2025-11-29T23:41:42 MST" name="ChromeTest" finished-at="2025-11-29T23:42:14 MST" duration-ms="31827">
      <class name="tests.GoogleTest">
        <test-method is-config="true" signature="setUp(java.lang.String)[pri:0, instance:tests.GoogleTest@2a5c8d3f]" started-at="2025-11-29T23:41:42 MST" name="setUp" finished-at="2025-11-29T23:41:44 MST" duration-ms="2508" status="PASS">
          <params>
            <param index="0">
              <value>
                <![CDATA[chrome]]>
              </value>
            </param>
          </params>
          <reporter-output>
          </reporter-output>
        </test-method> <!-- setUp -->
        <test-method signature="openGoogle()[pri:0, instance:tests.GoogleTest@2a5c8d3f]" started-at="2025-11-29T23:41:44 MST" name="openGoogle" finished-at="2025-11-29T23:42:13 MST" duration-ms="28568" status="PASS">
          <reporter-output>
          </reporter-output>
        </test-method> <!-- openGoogle -->
        <test-method is-config="true" signature="tearDown()[pri:0, instance:tests.GoogleTest@2a5c8d3f]" started-at="2025-11-29T23:42:13 MST" name="tearDown" finished-at="2025-11-29T23:42:14 MST" duration-ms="708" status="PASS">
          <reporter-output>
          </reporter-output>
        </test-method> <!-- tearDown -->
      </class> <!-- tests.GoogleTest -->
    </test> <!-- ChromeTest -->
  </suite> <!-- SeleniumGridSuite -->
</testng-results>
